<!DOCTYPE html>

<html>
  <head>
  <meta charset='utf-8'>
  <title>TestNG reports</title>

    <link type="text/css" href="testng-reports1.css" rel="stylesheet" id="ultra" />
    <link type="text/css" href="testng-reports.css" rel="stylesheet" id="retro" disabled="false"/>
    <script type="text/javascript" src="jquery-3.6.0.min.js"></script>
    <script type="text/javascript" src="testng-reports.js"></script>
    <script type="text/javascript" src="https://www.google.com/jsapi"></script>
    <script type='text/javascript'>
      google.load('visualization', '1', {packages:['table']});
      google.setOnLoadCallback(drawTable);
      var suiteTableInitFunctions = new Array();
      var suiteTableData = new Array();
    </script>
    <!--
      <script type="text/javascript" src="jquery-ui/js/jquery-ui-1.8.16.custom.min.js"></script>
     -->
  </head>

  <body>    <div class="top-banner-root">
      <span class="top-banner-title-font">Test results</span>
      <button id="button" class="button">Switch Retro Theme</button> <!-- button -->
      <br/>
      <span class="top-banner-font-1">1 suite, 1 failed test</span>
    </div> <!-- top-banner-root -->
    <div class="navigator-root">
      <div class="navigator-suite-header">
        <span>All suites</span>
        <a href="#" title="Collapse/expand all the suites" class="collapse-all-link">
          <img src="collapseall.gif" class="collapse-all-icon">
          </img> <!-- collapse-all-icon -->
        </a> <!-- collapse-all-link -->
      </div> <!-- navigator-suite-header -->
      <div class="suite">
        <div class="rounded-window">
          <div class="suite-header light-rounded-window-top">
            <a href="#" panel-name="suite-Functional" class="navigator-link">
              <span class="suite-name border-failed">Functional</span>
            </a> <!-- navigator-link -->
          </div> <!-- suite-header light-rounded-window-top -->
          <div class="navigator-suite-content">
            <div class="suite-section-title">
              <span>Info</span>
            </div> <!-- suite-section-title -->
            <div class="suite-section-content">
              <ul>
                <li>
                  <a href="#" panel-name="test-xml-Functional" class="navigator-link ">
                    <span>E:\Automation Workspace\VENDO 1.0\TestRunner\Vendo 1.0.xml</span>
                  </a> <!-- navigator-link  -->
                </li>
                <li>
                  <a href="#" panel-name="testlist-Functional" class="navigator-link ">
                    <span class="test-stats">1 test</span>
                  </a> <!-- navigator-link  -->
                </li>
                <li>
                  <a href="#" panel-name="group-Functional" class="navigator-link ">
                    <span>0 groups</span>
                  </a> <!-- navigator-link  -->
                </li>
                <li>
                  <a href="#" panel-name="times-Functional" class="navigator-link ">
                    <span>Times</span>
                  </a> <!-- navigator-link  -->
                </li>
                <li>
                  <a href="#" panel-name="reporter-Functional" class="navigator-link ">
                    <span>Reporter output</span>
                  </a> <!-- navigator-link  -->
                </li>
                <li>
                  <a href="#" panel-name="ignored-methods-Functional" class="navigator-link ">
                    <span>Ignored methods</span>
                  </a> <!-- navigator-link  -->
                </li>
                <li>
                  <a href="#" panel-name="chronological-Functional" class="navigator-link ">
                    <span>Chronological view</span>
                  </a> <!-- navigator-link  -->
                </li>
              </ul>
            </div> <!-- suite-section-content -->
            <div class="result-section">
              <div class="suite-section-title">
                <span>Results</span>
              </div> <!-- suite-section-title -->
              <div class="suite-section-content">
                <ul>
                  <li>
                    <span class="method-stats">6 methods, 1 failed,  2 skipped,  3 passed</span>
                  </li>
                  <li>
                    <span class="method-list-title failed">Failed methods</span>
                    <span class="show-or-hide-methods failed">
                      <a href="#" panel-name="suite-Functional" class="hide-methods failed suite-Functional"> (hide)</a> <!-- hide-methods failed suite-Functional -->
                      <a href="#" panel-name="suite-Functional" class="show-methods failed suite-Functional"> (show)</a> <!-- show-methods failed suite-Functional -->
                    </span>
                    <div class="method-list-content failed suite-Functional">
                      <span>
                        <img src="failed.png" width="3%"/>
                        <a href="#" panel-name="suite-Functional" title="com.vendo.Testcases.LoginPage" class="method navigator-link" hash-for-method="TC_003_Verify_with_WrongUsername_CorrectPassword">TC_003_Verify_with_WrongUsername_CorrectPassword</a> <!-- method navigator-link -->
                      </span>
                      <br/>
                    </div> <!-- method-list-content failed suite-Functional -->
                  </li>
                  <li>
                    <span class="method-list-title skipped">Skipped methods</span>
                    <span class="show-or-hide-methods skipped">
                      <a href="#" panel-name="suite-Functional" class="hide-methods skipped suite-Functional"> (hide)</a> <!-- hide-methods skipped suite-Functional -->
                      <a href="#" panel-name="suite-Functional" class="show-methods skipped suite-Functional"> (show)</a> <!-- show-methods skipped suite-Functional -->
                    </span>
                    <div class="method-list-content skipped suite-Functional">
                      <span>
                        <img src="skipped.png" width="3%"/>
                        <a href="#" panel-name="suite-Functional" title="com.vendo.Testcases.LoginPage" class="method navigator-link" hash-for-method="TC_004_Verify_with_InvalidCredentials">TC_004_Verify_with_InvalidCredentials</a> <!-- method navigator-link -->
                      </span>
                      <br/>
                      <span>
                        <img src="skipped.png" width="3%"/>
                        <a href="#" panel-name="suite-Functional" title="com.vendo.Testcases.LoginPage" class="method navigator-link" hash-for-method="TC_005_Verify_with_SpecialChar">TC_005_Verify_with_SpecialChar</a> <!-- method navigator-link -->
                      </span>
                      <br/>
                    </div> <!-- method-list-content skipped suite-Functional -->
                  </li>
                  <li>
                    <span class="method-list-title passed">Passed methods</span>
                    <span class="show-or-hide-methods passed">
                      <a href="#" panel-name="suite-Functional" class="hide-methods passed suite-Functional"> (hide)</a> <!-- hide-methods passed suite-Functional -->
                      <a href="#" panel-name="suite-Functional" class="show-methods passed suite-Functional"> (show)</a> <!-- show-methods passed suite-Functional -->
                    </span>
                    <div class="method-list-content passed suite-Functional">
                      <span>
                        <img src="passed.png" width="3%"/>
                        <a href="#" panel-name="suite-Functional" title="com.vendo.Testcases.LoginPage" class="method navigator-link" hash-for-method="TC_000_VerifyPageTitle">TC_000_VerifyPageTitle</a> <!-- method navigator-link -->
                      </span>
                      <br/>
                      <span>
                        <img src="passed.png" width="3%"/>
                        <a href="#" panel-name="suite-Functional" title="com.vendo.Testcases.LoginPage" class="method navigator-link" hash-for-method="TC_001_Verify_WithValidCredentials">TC_001_Verify_WithValidCredentials</a> <!-- method navigator-link -->
                      </span>
                      <br/>
                      <span>
                        <img src="passed.png" width="3%"/>
                        <a href="#" panel-name="suite-Functional" title="com.vendo.Testcases.LoginPage" class="method navigator-link" hash-for-method="TC_002_Verify_withCorrectUsername_WrongPassword">TC_002_Verify_withCorrectUsername_WrongPassword</a> <!-- method navigator-link -->
                      </span>
                      <br/>
                    </div> <!-- method-list-content passed suite-Functional -->
                  </li>
                </ul>
              </div> <!-- suite-section-content -->
            </div> <!-- result-section -->
          </div> <!-- navigator-suite-content -->
        </div> <!-- rounded-window -->
      </div> <!-- suite -->
    </div> <!-- navigator-root -->
    <div class="wrapper">
      <div class="main-panel-root">
        <div panel-name="suite-Functional" class="panel Functional">
          <div class="suite-Functional-class-failed">
            <div class="main-panel-header rounded-window-top">
              <img src="failed.png"/>
              <span class="class-name">com.vendo.Testcases.LoginPage</span>
            </div> <!-- main-panel-header rounded-window-top -->
            <div class="main-panel-content rounded-window-bottom">
              <div class="method">
                <div class="method-content">
                  <a name="TC_003_Verify_with_WrongUsername_CorrectPassword">
                  </a> <!-- TC_003_Verify_with_WrongUsername_CorrectPassword -->
                  <span class="method-name">TC_003_Verify_with_WrongUsername_CorrectPassword</span>
                  <div class="stack-trace">org.openqa.selenium.ElementClickInterceptedException: element click intercepted: Element &lt;button class=&quot;md-block md-clear md-button md-ink-ripple md-button&quot; type=&quot;submit&quot; ng-transclude=&quot;&quot; data-ng-disabled=&quot;!canSubmit_childform(material_login_form)&quot; style=&quot;cursor:pointer; background: #0779b5; border-radius: 30px; color: #fff !important; max-width: 200px;&quot; ng-click=&quot;login()&quot; aria-label=&quot;Login&quot;&gt;...&lt;/button&gt; is not clickable at point (633, 441). Other element would receive the click: &lt;div class=&quot;md-dialog-container ng-scope&quot; tabindex=&quot;-1&quot; style=&quot;top: 0px; height: 604px;&quot;&gt;...&lt;/div&gt;
  (Session info: chrome=107.0.5304.122)
Build info: version: &apos;4.1.3&apos;, revision: &apos;7b1ebf28ef&apos;
System info: host: &apos;DESKTOP-L3M9CL3&apos;, ip: &apos;192.168.0.148&apos;, os.name: &apos;Windows 11&apos;, os.arch: &apos;amd64&apos;, os.version: &apos;10.0&apos;, java.version: &apos;17.0.4.1&apos;
Driver info: org.openqa.selenium.chrome.ChromeDriver
Command: [3ba65c91f9addfc901354c604dc499fb, clickElement {id=72ce6b9a-82fc-45e5-93d0-c23c28b9ae13}]
Capabilities {acceptInsecureCerts: false, browserName: chrome, browserVersion: 107.0.5304.122, chrome: {chromedriverVersion: 107.0.5304.62 (1eec40d3a576..., userDataDir: C:\Users\EzhilRj\AppData\Lo...}, goog:chromeOptions: {debuggerAddress: localhost:58317}, javascriptEnabled: true, networkConnectionEnabled: false, pageLoadStrategy: normal, platform: WINDOWS, platformName: WINDOWS, proxy: Proxy(), se:cdp: ws://localhost:58317/devtoo..., se:cdpVersion: 107.0.5304.122, setWindowRect: true, strictFileInteractability: false, timeouts: {implicit: 0, pageLoad: 300000, script: 30000}, unhandledPromptBehavior: dismiss and notify, webauthn:extension:credBlob: true, webauthn:extension:largeBlob: true, webauthn:virtualAuthenticators: true}
Element: [[ChromeDriver: chrome on WINDOWS (3ba65c91f9addfc901354c604dc499fb)] -&gt; xpath: //*[@ng-click=&quot;login()&quot;]]
Session ID: 3ba65c91f9addfc901354c604dc499fb
	at java.base/jdk.internal.reflect.NativeConstructorAccessorImpl.newInstance0(Native Method)
	at java.base/jdk.internal.reflect.NativeConstructorAccessorImpl.newInstance(NativeConstructorAccessorImpl.java:77)
	at java.base/jdk.internal.reflect.DelegatingConstructorAccessorImpl.newInstance(DelegatingConstructorAccessorImpl.java:45)
	at java.base/java.lang.reflect.Constructor.newInstanceWithCaller(Constructor.java:499)
	at java.base/java.lang.reflect.Constructor.newInstance(Constructor.java:480)
	at org.openqa.selenium.remote.codec.w3c.W3CHttpResponseCodec.createException(W3CHttpResponseCodec.java:200)
	at org.openqa.selenium.remote.codec.w3c.W3CHttpResponseCodec.decode(W3CHttpResponseCodec.java:133)
	at org.openqa.selenium.remote.codec.w3c.W3CHttpResponseCodec.decode(W3CHttpResponseCodec.java:53)
	at org.openqa.selenium.remote.HttpCommandExecutor.execute(HttpCommandExecutor.java:184)
	at org.openqa.selenium.remote.service.DriverCommandExecutor.invokeExecute(DriverCommandExecutor.java:167)
	at org.openqa.selenium.remote.service.DriverCommandExecutor.execute(DriverCommandExecutor.java:142)
	at org.openqa.selenium.remote.RemoteWebDriver.execute(RemoteWebDriver.java:567)
	at org.openqa.selenium.remote.RemoteWebElement.execute(RemoteWebElement.java:251)
	at org.openqa.selenium.remote.RemoteWebElement.click(RemoteWebElement.java:77)
	at java.base/jdk.internal.reflect.NativeMethodAccessorImpl.invoke0(Native Method)
	at java.base/jdk.internal.reflect.NativeMethodAccessorImpl.invoke(NativeMethodAccessorImpl.java:77)
	at java.base/jdk.internal.reflect.DelegatingMethodAccessorImpl.invoke(DelegatingMethodAccessorImpl.java:43)
	at java.base/java.lang.reflect.Method.invoke(Method.java:568)
	at org.openqa.selenium.support.pagefactory.internal.LocatingElementHandler.invoke(LocatingElementHandler.java:52)
	at jdk.proxy2/jdk.proxy2.$Proxy21.click(Unknown Source)
	at com.vendo.Testcases.LoginPage.TC_003_Verify_with_WrongUsername_CorrectPassword(LoginPage.java:80)
	at java.base/jdk.internal.reflect.NativeMethodAccessorImpl.invoke0(Native Method)
	at java.base/jdk.internal.reflect.NativeMethodAccessorImpl.invoke(NativeMethodAccessorImpl.java:77)
	at java.base/jdk.internal.reflect.DelegatingMethodAccessorImpl.invoke(DelegatingMethodAccessorImpl.java:43)
	at java.base/java.lang.reflect.Method.invoke(Method.java:568)
	at org.testng.internal.invokers.MethodInvocationHelper.invokeMethod(MethodInvocationHelper.java:139)
	at org.testng.internal.invokers.TestInvoker.invokeMethod(TestInvoker.java:677)
	at org.testng.internal.invokers.TestInvoker.invokeTestMethod(TestInvoker.java:221)
	at org.testng.internal.invokers.MethodRunner.runInSequence(MethodRunner.java:50)
	at org.testng.internal.invokers.TestInvoker$MethodInvocationAgent.invoke(TestInvoker.java:962)
	at org.testng.internal.invokers.TestInvoker.invokeTestMethods(TestInvoker.java:194)
	at org.testng.internal.invokers.TestMethodWorker.invokeTestMethods(TestMethodWorker.java:148)
	at org.testng.internal.invokers.TestMethodWorker.run(TestMethodWorker.java:128)
	at java.base/java.util.ArrayList.forEach(ArrayList.java:1511)
	at org.testng.TestRunner.privateRun(TestRunner.java:806)
	at org.testng.TestRunner.run(TestRunner.java:601)
	at org.testng.SuiteRunner.runTest(SuiteRunner.java:433)
	at org.testng.SuiteRunner.runSequentially(SuiteRunner.java:427)
	at org.testng.SuiteRunner.privateRun(SuiteRunner.java:387)
	at org.testng.SuiteRunner.run(SuiteRunner.java:330)
	at org.testng.SuiteRunnerWorker.runSuite(SuiteRunnerWorker.java:52)
	at org.testng.SuiteRunnerWorker.run(SuiteRunnerWorker.java:95)
	at org.testng.TestNG.runSuitesSequentially(TestNG.java:1256)
	at org.testng.TestNG.runSuitesLocally(TestNG.java:1176)
	at org.testng.TestNG.runSuites(TestNG.java:1099)
	at org.testng.TestNG.run(TestNG.java:1067)
	at org.testng.remote.AbstractRemoteTestNG.run(AbstractRemoteTestNG.java:115)
	at org.testng.remote.RemoteTestNG.initAndRun(RemoteTestNG.java:251)
	at org.testng.remote.RemoteTestNG.main(RemoteTestNG.java:77)

</div> <!-- stack-trace -->
                </div> <!-- method-content -->
              </div> <!-- method -->
            </div> <!-- main-panel-content rounded-window-bottom -->
          </div> <!-- suite-Functional-class-failed -->
          <div class="suite-Functional-class-skipped">
            <div class="main-panel-header rounded-window-top">
              <img src="skipped.png"/>
              <span class="class-name">com.vendo.Testcases.LoginPage</span>
            </div> <!-- main-panel-header rounded-window-top -->
            <div class="main-panel-content rounded-window-bottom">
              <div class="method">
                <div class="method-content">
                  <a name="TC_004_Verify_with_InvalidCredentials">
                  </a> <!-- TC_004_Verify_with_InvalidCredentials -->
                  <span class="method-name">TC_004_Verify_with_InvalidCredentials</span>
                  <div class="stack-trace">java.lang.Throwable: Method com.vendo.Testcases.LoginPage.TC_004_Verify_with_InvalidCredentials() on instance com.vendo.Testcases.LoginPage@d737b89 depends on not successfully finished methods 
[com.vendo.Testcases.LoginPage.TC_003_Verify_with_WrongUsername_CorrectPassword() on instance com.vendo.Testcases.LoginPage@d737b89]
	at org.testng.internal.invokers.TestInvoker.invokeTestMethods(TestInvoker.java:150)
	at org.testng.internal.invokers.TestMethodWorker.invokeTestMethods(TestMethodWorker.java:148)
	at org.testng.internal.invokers.TestMethodWorker.run(TestMethodWorker.java:128)
	at java.base/java.util.ArrayList.forEach(ArrayList.java:1511)
	at org.testng.TestRunner.privateRun(TestRunner.java:806)
	at org.testng.TestRunner.run(TestRunner.java:601)
	at org.testng.SuiteRunner.runTest(SuiteRunner.java:433)
	at org.testng.SuiteRunner.runSequentially(SuiteRunner.java:427)
	at org.testng.SuiteRunner.privateRun(SuiteRunner.java:387)
	at org.testng.SuiteRunner.run(SuiteRunner.java:330)
	at org.testng.SuiteRunnerWorker.runSuite(SuiteRunnerWorker.java:52)
	at org.testng.SuiteRunnerWorker.run(SuiteRunnerWorker.java:95)
	at org.testng.TestNG.runSuitesSequentially(TestNG.java:1256)
	at org.testng.TestNG.runSuitesLocally(TestNG.java:1176)
	at org.testng.TestNG.runSuites(TestNG.java:1099)
	at org.testng.TestNG.run(TestNG.java:1067)
	at org.testng.remote.AbstractRemoteTestNG.run(AbstractRemoteTestNG.java:115)
	at org.testng.remote.RemoteTestNG.initAndRun(RemoteTestNG.java:251)
	at org.testng.remote.RemoteTestNG.main(RemoteTestNG.java:77)

</div> <!-- stack-trace -->
                </div> <!-- method-content -->
              </div> <!-- method -->
              <div class="method">
                <div class="method-content">
                  <a name="TC_005_Verify_with_SpecialChar">
                  </a> <!-- TC_005_Verify_with_SpecialChar -->
                  <span class="method-name">TC_005_Verify_with_SpecialChar</span>
                  <div class="stack-trace">java.lang.Throwable: Method com.vendo.Testcases.LoginPage.TC_005_Verify_with_SpecialChar() on instance com.vendo.Testcases.LoginPage@d737b89 depends on not successfully finished methods 
[com.vendo.Testcases.LoginPage.TC_004_Verify_with_InvalidCredentials() on instance com.vendo.Testcases.LoginPage@d737b89]
	at org.testng.internal.invokers.TestInvoker.invokeTestMethods(TestInvoker.java:150)
	at org.testng.internal.invokers.TestMethodWorker.invokeTestMethods(TestMethodWorker.java:148)
	at org.testng.internal.invokers.TestMethodWorker.run(TestMethodWorker.java:128)
	at java.base/java.util.ArrayList.forEach(ArrayList.java:1511)
	at org.testng.TestRunner.privateRun(TestRunner.java:806)
	at org.testng.TestRunner.run(TestRunner.java:601)
	at org.testng.SuiteRunner.runTest(SuiteRunner.java:433)
	at org.testng.SuiteRunner.runSequentially(SuiteRunner.java:427)
	at org.testng.SuiteRunner.privateRun(SuiteRunner.java:387)
	at org.testng.SuiteRunner.run(SuiteRunner.java:330)
	at org.testng.SuiteRunnerWorker.runSuite(SuiteRunnerWorker.java:52)
	at org.testng.SuiteRunnerWorker.run(SuiteRunnerWorker.java:95)
	at org.testng.TestNG.runSuitesSequentially(TestNG.java:1256)
	at org.testng.TestNG.runSuitesLocally(TestNG.java:1176)
	at org.testng.TestNG.runSuites(TestNG.java:1099)
	at org.testng.TestNG.run(TestNG.java:1067)
	at org.testng.remote.AbstractRemoteTestNG.run(AbstractRemoteTestNG.java:115)
	at org.testng.remote.RemoteTestNG.initAndRun(RemoteTestNG.java:251)
	at org.testng.remote.RemoteTestNG.main(RemoteTestNG.java:77)

</div> <!-- stack-trace -->
                </div> <!-- method-content -->
              </div> <!-- method -->
            </div> <!-- main-panel-content rounded-window-bottom -->
          </div> <!-- suite-Functional-class-skipped -->
          <div class="suite-Functional-class-passed">
            <div class="main-panel-header rounded-window-top">
              <img src="passed.png"/>
              <span class="class-name">com.vendo.Testcases.LoginPage</span>
            </div> <!-- main-panel-header rounded-window-top -->
            <div class="main-panel-content rounded-window-bottom">
              <div class="method">
                <div class="method-content">
                  <a name="TC_000_VerifyPageTitle">
                  </a> <!-- TC_000_VerifyPageTitle -->
                  <span class="method-name">TC_000_VerifyPageTitle</span>
                </div> <!-- method-content -->
              </div> <!-- method -->
              <div class="method">
                <div class="method-content">
                  <a name="TC_001_Verify_WithValidCredentials">
                  </a> <!-- TC_001_Verify_WithValidCredentials -->
                  <span class="method-name">TC_001_Verify_WithValidCredentials</span>
                </div> <!-- method-content -->
              </div> <!-- method -->
              <div class="method">
                <div class="method-content">
                  <a name="TC_002_Verify_withCorrectUsername_WrongPassword">
                  </a> <!-- TC_002_Verify_withCorrectUsername_WrongPassword -->
                  <span class="method-name">TC_002_Verify_withCorrectUsername_WrongPassword</span>
                </div> <!-- method-content -->
              </div> <!-- method -->
            </div> <!-- main-panel-content rounded-window-bottom -->
          </div> <!-- suite-Functional-class-passed -->
        </div> <!-- panel Functional -->
        <div panel-name="test-xml-Functional" class="panel">
          <div class="main-panel-header rounded-window-top">
            <span class="header-content">E:\Automation Workspace\VENDO 1.0\TestRunner\Vendo 1.0.xml</span>
          </div> <!-- main-panel-header rounded-window-top -->
          <div class="main-panel-content rounded-window-bottom">
            <pre>
&lt;?xml version=&quot;1.0&quot; encoding=&quot;UTF-8&quot;?&gt;
&lt;!DOCTYPE suite SYSTEM &quot;https://testng.org/testng-1.0.dtd&quot;&gt;
&lt;suite name=&quot;Functional&quot; guice-stage=&quot;DEVELOPMENT&quot; verbose=&quot;3&quot;&gt;
  &lt;listeners&gt;
    &lt;listener class-name=&quot;com.vendo.Utilities.ListenersConfig&quot;/&gt;
  &lt;/listeners&gt;
  &lt;test thread-count=&quot;5&quot; name=&quot; LoginPage&quot; verbose=&quot;3&quot;&gt;
    &lt;classes&gt;
      &lt;class name=&quot;com.vendo.Testcases.LoginPage&quot;/&gt;
    &lt;/classes&gt;
  &lt;/test&gt; &lt;!--  LoginPage --&gt;
&lt;/suite&gt; &lt;!-- Functional --&gt;
            </pre>
          </div> <!-- main-panel-content rounded-window-bottom -->
        </div> <!-- panel -->
        <div panel-name="testlist-Functional" class="panel">
          <div class="main-panel-header rounded-window-top">
            <span class="header-content">Tests for Functional</span>
          </div> <!-- main-panel-header rounded-window-top -->
          <div class="main-panel-content rounded-window-bottom">
            <ul>
              <li>
                <span class="test-name"> LoginPage (1 class)</span>
              </li>
            </ul>
          </div> <!-- main-panel-content rounded-window-bottom -->
        </div> <!-- panel -->
        <div panel-name="group-Functional" class="panel">
          <div class="main-panel-header rounded-window-top">
            <span class="header-content">Groups for Functional</span>
          </div> <!-- main-panel-header rounded-window-top -->
          <div class="main-panel-content rounded-window-bottom">
          </div> <!-- main-panel-content rounded-window-bottom -->
        </div> <!-- panel -->
        <div panel-name="times-Functional" class="panel">
          <div class="main-panel-header rounded-window-top">
            <span class="header-content">Times for Functional</span>
          </div> <!-- main-panel-header rounded-window-top -->
          <div class="main-panel-content rounded-window-bottom">
            <div class="times-div">
              <script type="text/javascript">
suiteTableInitFunctions.push('tableData_Functional');
function tableData_Functional() {
var data = new google.visualization.DataTable();
data.addColumn('number', 'Number');
data.addColumn('string', 'Method');
data.addColumn('string', 'Class');
data.addColumn('number', 'Time (ms)');
data.addRows(6);
data.setCell(0, 0, 0)
data.setCell(0, 1, 'TC_001_Verify_WithValidCredentials')
data.setCell(0, 2, 'com.vendo.Testcases.LoginPage')
data.setCell(0, 3, 3800);
data.setCell(1, 0, 1)
data.setCell(1, 1, 'TC_003_Verify_with_WrongUsername_CorrectPassword')
data.setCell(1, 2, 'com.vendo.Testcases.LoginPage')
data.setCell(1, 3, 1253);
data.setCell(2, 0, 2)
data.setCell(2, 1, 'TC_002_Verify_withCorrectUsername_WrongPassword')
data.setCell(2, 2, 'com.vendo.Testcases.LoginPage')
data.setCell(2, 3, 540);
data.setCell(3, 0, 3)
data.setCell(3, 1, 'TC_000_VerifyPageTitle')
data.setCell(3, 2, 'com.vendo.Testcases.LoginPage')
data.setCell(3, 3, 9);
data.setCell(4, 0, 4)
data.setCell(4, 1, 'TC_004_Verify_with_InvalidCredentials')
data.setCell(4, 2, 'com.vendo.Testcases.LoginPage')
data.setCell(4, 3, 0);
data.setCell(5, 0, 5)
data.setCell(5, 1, 'TC_005_Verify_with_SpecialChar')
data.setCell(5, 2, 'com.vendo.Testcases.LoginPage')
data.setCell(5, 3, 0);
window.suiteTableData['Functional']= { tableData: data, tableDiv: 'times-div-Functional'}
return data;
}
              </script>
              <span class="suite-total-time">Total running time: 5 seconds</span>
              <div id="times-div-Functional">
              </div> <!-- times-div-Functional -->
            </div> <!-- times-div -->
          </div> <!-- main-panel-content rounded-window-bottom -->
        </div> <!-- panel -->
        <div panel-name="reporter-Functional" class="panel">
          <div class="main-panel-header rounded-window-top">
            <span class="header-content">Reporter output for Functional</span>
          </div> <!-- main-panel-header rounded-window-top -->
          <div class="main-panel-content rounded-window-bottom">
          </div> <!-- main-panel-content rounded-window-bottom -->
        </div> <!-- panel -->
        <div panel-name="ignored-methods-Functional" class="panel">
          <div class="main-panel-header rounded-window-top">
            <span class="header-content">0 ignored methods</span>
          </div> <!-- main-panel-header rounded-window-top -->
          <div class="main-panel-content rounded-window-bottom">
          </div> <!-- main-panel-content rounded-window-bottom -->
        </div> <!-- panel -->
        <div panel-name="chronological-Functional" class="panel">
          <div class="main-panel-header rounded-window-top">
            <span class="header-content">Methods in chronological order</span>
          </div> <!-- main-panel-header rounded-window-top -->
          <div class="main-panel-content rounded-window-bottom">
            <div class="chronological-class">
              <div class="chronological-class-name">com.vendo.Testcases.LoginPage</div> <!-- chronological-class-name -->
              <div class="configuration-suite before">
                <span class="method-name">StartBrowser</span>
                <span class="method-start">0 ms</span>
              </div> <!-- configuration-suite before -->
              <div class="test-method">
                <span class="method-name">TC_001_Verify_WithValidCredentials</span>
                <span class="method-start">8235 ms</span>
              </div> <!-- test-method -->
              <div class="configuration-method after">
                <span class="method-name">captureScreen([TestResult name=TC_001_Verify_WithValidCredentials status=SUCCESS method=LoginPage.TC_001_Verify_Wi...)</span>
                <span class="method-start">12043 ms</span>
              </div> <!-- configuration-method after -->
              <div class="test-method">
                <span class="method-name">TC_000_VerifyPageTitle</span>
                <span class="method-start">12047 ms</span>
              </div> <!-- test-method -->
              <div class="configuration-method after">
                <span class="method-name">captureScreen([TestResult name=TC_000_VerifyPageTitle status=SUCCESS method=LoginPage.TC_000_VerifyPageTitle()[pri...)</span>
                <span class="method-start">12058 ms</span>
              </div> <!-- configuration-method after -->
              <div class="test-method">
                <span class="method-name">TC_002_Verify_withCorrectUsername_WrongPassword</span>
                <span class="method-start">12062 ms</span>
              </div> <!-- test-method -->
              <div class="configuration-method after">
                <span class="method-name">captureScreen([TestResult name=TC_002_Verify_withCorrectUsername_WrongPassword status=SUCCESS method=LoginPage.TC_...)</span>
                <span class="method-start">12604 ms</span>
              </div> <!-- configuration-method after -->
              <div class="test-method">
                <img src="failed.png">
                </img>
                <span class="method-name">TC_003_Verify_with_WrongUsername_CorrectPassword</span>
                <span class="method-start">12609 ms</span>
              </div> <!-- test-method -->
              <div class="configuration-method after">
                <span class="method-name">captureScreen([TestResult name=TC_003_Verify_with_WrongUsername_CorrectPassword status=FAILURE method=LoginPage.TC...)</span>
                <span class="method-start">13869 ms</span>
              </div> <!-- configuration-method after -->
              <div class="test-method">
                <span class="method-name">TC_004_Verify_with_InvalidCredentials</span>
                <span class="method-start">13976 ms</span>
              </div> <!-- test-method -->
              <div class="test-method">
                <span class="method-name">TC_005_Verify_with_SpecialChar</span>
                <span class="method-start">13979 ms</span>
              </div> <!-- test-method -->
          </div> <!-- main-panel-content rounded-window-bottom -->
        </div> <!-- panel -->
      </div> <!-- main-panel-root -->
    </div> <!-- wrapper -->
  </body>
<script type="text/javascript" src="testng-reports2.js"></script>
</html>
